<?xml version="1.0" encoding="UTF-8"?>
<testsuite xmlns:xsi="http://www.w3.org/2001/XMLSchema-instance" xsi:noNamespaceSchemaLocation="https://maven.apache.org/surefire/maven-surefire-plugin/xsd/surefire-test-report-3.0.xsd" version="3.0" name="com.payment.client.service.PaymentServiceTest" time="0.814" tests="3" errors="0" skipped="0" failures="0">
  <properties>
[...]
</properties>
  <testcase name="validatePayment_AmountAboveThreshold_ShouldFailThresholdValidation" classname="com.payment.client.service.PaymentServiceTest" time="0.005">
    <system-out><![CDATA[2025-11-10 15:06:57 - Could not detect default configuration classes for test class [com.payment.client.service.PaymentServiceTest]: PaymentServiceTest does not declare any static, non-private, non-final, nested classes annotated with @Configuration.
2025-11-10 15:06:57 - Found @SpringBootConfiguration com.payment.client.PaymentClientApplication for test class com.payment.client.service.PaymentServiceTest
2025-11-10 15:06:57 - Restart disabled due to context in which it is running

  .   ____          _            __ _ _
 /\\ / ___'_ __ _ _(_)_ __  __ _ \ \ \ \
( ( )\___ | '_ | '_| | '_ \/ _` | \ \ \ \
 \\/  ___)| |_)| | | | | || (_| |  ) ) ) )
  '  |____| .__|_| |_|_| |_\__, | / / / /
 =========|_|==============|___/=/_/_/_/
&amp#27;[32m :: Spring Boot :: &amp#27;[39m              &amp#27;[2m (v3.2.0)&amp#27;[0;39m

2025-11-10 15:06:57 - Starting PaymentServiceTest using Java 22.0.2 with PID 52356 (started by saurabh in /Users/saurabh/Data/GIT/Flywire_Assessment/dev_saurabh_chakrabarthi/client)
2025-11-10 15:06:57 - Running with Spring Boot v3.2.0, Spring v6.1.1
2025-11-10 15:06:57 - No active profile set, falling back to 1 default profile: "default"
2025-11-10 15:06:58 - Exposing 2 endpoint(s) beneath base path '/actuator'
2025-11-10 15:06:58 - Started PaymentServiceTest in 0.786 seconds (process running for 6.744)
]]></system-out>
  </testcase>
  <testcase name="validatePayment_HappyPath_AllValidationsPassed" classname="com.payment.client.service.PaymentServiceTest" time="0.004"/>
  <testcase name="validatePayment_InvalidEmail_ShouldFailEmailValidation" classname="com.payment.client.service.PaymentServiceTest" time="0.008"/>
</testsuite>